[DEBUG] 2026-04-28 21:44:31.590 [TestNG-test-Test-2] PackageRelationshipCollection - Parsing relationship: /xl/_rels/workbook.xml.rels
[DEBUG] 2026-04-28 21:44:31.599 [TestNG-test-Test-2] PackageRelationshipCollection - Parsing relationship: /_rels/.rels
[INFO ] 2026-04-28 21:44:39.956 [TestNG-PoolService-1] BaseTest - Login Started!!
[INFO ] 2026-04-28 21:44:42.232 [TestNG-PoolService-1] BaseTest - DemoBlaze Website launched...
[INFO ] 2026-04-28 21:44:43.968 [TestNG-PoolService-1] BaseTest - Closing....
[DEBUG] 2026-04-28 21:47:38.804 [TestNG-test-Test-2] PackageRelationshipCollection - Parsing relationship: /xl/_rels/workbook.xml.rels
[DEBUG] 2026-04-28 21:47:38.817 [TestNG-test-Test-2] PackageRelationshipCollection - Parsing relationship: /_rels/.rels
[INFO ] 2026-04-28 21:47:43.093 [TestNG-PoolService-1] BaseTest - Login Started!!
[INFO ] 2026-04-28 21:47:45.381 [TestNG-PoolService-1] BaseTest - DemoBlaze Website launched...
[INFO ] 2026-04-28 21:47:47.256 [TestNG-PoolService-1] BaseTest - Closing....
[DEBUG] 2026-04-28 22:10:32.167 [TestNG-test-Test-2] PackageRelationshipCollection - Parsing relationship: /xl/_rels/workbook.xml.rels
[DEBUG] 2026-04-28 22:10:32.177 [TestNG-test-Test-2] PackageRelationshipCollection - Parsing relationship: /_rels/.rels
[INFO ] 2026-04-28 22:10:36.505 [TestNG-PoolService-1] BaseTest - Login Started!!
[INFO ] 2026-04-28 22:10:38.543 [TestNG-PoolService-1] BaseTest - DemoBlaze Website launched...
[INFO ] 2026-04-28 22:10:42.736 [TestNG-PoolService-1] BaseTest - Login Successful!!
[INFO ] 2026-04-28 22:10:42.753 [TestNG-PoolService-1] BaseTest - Closing....
[DEBUG] 2026-04-29 07:03:39.251 [TestNG-test-Test-2] PackageRelationshipCollection - Parsing relationship: /xl/_rels/workbook.xml.rels
[DEBUG] 2026-04-29 07:03:39.280 [TestNG-test-Test-2] PackageRelationshipCollection - Parsing relationship: /_rels/.rels
[INFO ] 2026-04-29 07:03:46.351 [TestNG-PoolService-1] BaseTest - Login Started!!
[INFO ] 2026-04-29 07:03:48.153 [TestNG-PoolService-1] BaseTest - DemoBlaze Website launched...
[INFO ] 2026-04-29 07:03:52.500 [TestNG-PoolService-1] BaseTest - Login Successful!!
[INFO ] 2026-04-29 07:03:52.514 [TestNG-PoolService-1] BaseTest - Closing....
[DEBUG] 2026-04-29 07:08:56.418 [TestNG-test-Test-2] PackageRelationshipCollection - Parsing relationship: /xl/_rels/workbook.xml.rels
[DEBUG] 2026-04-29 07:08:56.433 [TestNG-test-Test-2] PackageRelationshipCollection - Parsing relationship: /_rels/.rels
[INFO ] 2026-04-29 07:09:00.375 [TestNG-PoolService-1] BaseTest - Login Started!!
[INFO ] 2026-04-29 07:09:02.467 [TestNG-PoolService-1] BaseTest - DemoBlaze Website launched...
[INFO ] 2026-04-29 07:09:06.114 [TestNG-PoolService-1] BaseTest - Login Successful!!
[INFO ] 2026-04-29 07:09:06.130 [TestNG-PoolService-1] BaseTest - Closing....
[DEBUG] 2026-04-29 07:17:07.507 [TestNG-test-Test-2] PackageRelationshipCollection - Parsing relationship: /xl/_rels/workbook.xml.rels
[DEBUG] 2026-04-29 07:17:07.528 [TestNG-test-Test-2] PackageRelationshipCollection - Parsing relationship: /_rels/.rels
[INFO ] 2026-04-29 07:17:12.275 [TestNG-PoolService-1] BaseTest - Login Started!!
[INFO ] 2026-04-29 07:17:14.091 [TestNG-PoolService-1] BaseTest - DemoBlaze Website launched...
[INFO ] 2026-04-29 07:17:15.314 [TestNG-PoolService-1] BaseTest - Closing....
[DEBUG] 2026-04-29 07:19:46.836 [main] PackageRelationshipCollection - Parsing relationship: /xl/_rels/workbook.xml.rels
[DEBUG] 2026-04-29 07:19:46.858 [main] PackageRelationshipCollection - Parsing relationship: /_rels/.rels
[INFO ] 2026-04-29 07:19:50.760 [main] BaseTest - Login Started!!
[INFO ] 2026-04-29 07:19:52.717 [main] BaseTest - DemoBlaze Website launched...
[INFO ] 2026-04-29 07:19:53.167 [main] BaseTest - Closing....
[DEBUG] 2026-04-29 07:21:35.351 [main] PackageRelationshipCollection - Parsing relationship: /xl/_rels/workbook.xml.rels
[DEBUG] 2026-04-29 07:21:35.367 [main] PackageRelationshipCollection - Parsing relationship: /_rels/.rels
[INFO ] 2026-04-29 07:21:39.764 [main] BaseTest - Login Started!!
[INFO ] 2026-04-29 07:21:41.673 [main] BaseTest - DemoBlaze Website launched...
[INFO ] 2026-04-29 07:21:44.639 [main] BaseTest - Closing....
[DEBUG] 2026-04-29 07:55:30.001 [main] PackageRelationshipCollection - Parsing relationship: /xl/_rels/workbook.xml.rels
[DEBUG] 2026-04-29 07:55:30.013 [main] PackageRelationshipCollection - Parsing relationship: /_rels/.rels
[INFO ] 2026-04-29 07:55:35.544 [main] BaseTest - Login Started!!
[INFO ] 2026-04-29 07:55:37.351 [main] BaseTest - DemoBlaze Website launched...
[INFO ] 2026-04-29 07:55:41.456 [main] BaseTest - Login Successful!!
[INFO ] 2026-04-29 07:55:41.472 [main] BaseTest - Closing....
[DEBUG] 2026-04-29 08:58:25.069 [main] PackageRelationshipCollection - Parsing relationship: /xl/_rels/workbook.xml.rels
[DEBUG] 2026-04-29 08:58:25.075 [main] PackageRelationshipCollection - Parsing relationship: /_rels/.rels
[INFO ] 2026-04-29 08:58:29.716 [main] BaseTest - Login Started!!
[INFO ] 2026-04-29 08:58:32.529 [main] BaseTest - DemoBlaze Website launched...
[INFO ] 2026-04-29 08:58:38.172 [main] BaseTest - Login Successful!!
[INFO ] 2026-04-29 08:58:38.179 [main] BaseTest - Closing....
[DEBUG] 2026-04-29 09:05:54.235 [main] PackageRelationshipCollection - Parsing relationship: /xl/_rels/workbook.xml.rels
[DEBUG] 2026-04-29 09:05:54.241 [main] PackageRelationshipCollection - Parsing relationship: /_rels/.rels
[INFO ] 2026-04-29 09:05:56.669 [main] BaseTest - Login Started!!
[INFO ] 2026-04-29 09:05:58.150 [main] BaseTest - DemoBlaze Website launched...
[INFO ] 2026-04-29 09:05:58.599 [main] BaseTest - Closing....
[DEBUG] 2026-04-29 09:14:04.783 [main] PackageRelationshipCollection - Parsing relationship: /xl/_rels/workbook.xml.rels
[DEBUG] 2026-04-29 09:14:04.790 [main] PackageRelationshipCollection - Parsing relationship: /_rels/.rels
[INFO ] 2026-04-29 09:14:06.534 [main] BaseTest - Login Started!!
[INFO ] 2026-04-29 09:14:07.497 [main] BaseTest - DemoBlaze Website launched...
[INFO ] 2026-04-29 09:14:07.954 [main] BaseTest - Closing....
[DEBUG] 2026-04-29 09:14:39.289 [main] PackageRelationshipCollection - Parsing relationship: /xl/_rels/workbook.xml.rels
[DEBUG] 2026-04-29 09:14:39.295 [main] PackageRelationshipCollection - Parsing relationship: /_rels/.rels
[INFO ] 2026-04-29 09:14:41.005 [main] BaseTest - Login Started!!
[INFO ] 2026-04-29 09:14:42.267 [main] BaseTest - DemoBlaze Website launched...
[INFO ] 2026-04-29 09:14:42.662 [main] BaseTest - Closing....
[DEBUG] 2026-04-29 09:17:20.857 [main] PackageRelationshipCollection - Parsing relationship: /xl/_rels/workbook.xml.rels
[DEBUG] 2026-04-29 09:17:20.864 [main] PackageRelationshipCollection - Parsing relationship: /_rels/.rels
[INFO ] 2026-04-29 09:17:22.766 [main] BaseTest - Login Started!!
[INFO ] 2026-04-29 09:17:23.945 [main] BaseTest - DemoBlaze Website launched...
[INFO ] 2026-04-29 09:17:24.353 [main] BaseTest - Closing....
[INFO ] 2026-04-29 09:17:25.361 [main] BaseTest - Login Started!!
[INFO ] 2026-04-29 09:17:26.252 [main] BaseTest - DemoBlaze Website launched...
[INFO ] 2026-04-29 09:17:26.679 [main] BaseTest - Closing....
[DEBUG] 2026-04-29 09:17:26.867 [main] PackageRelationshipCollection - Parsing relationship: /xl/_rels/workbook.xml.rels
[DEBUG] 2026-04-29 09:17:26.869 [main] PackageRelationshipCollection - Parsing relationship: /_rels/.rels
[INFO ] 2026-04-29 09:17:27.813 [main] BaseTest - Login Started!!
[INFO ] 2026-04-29 09:17:28.781 [main] BaseTest - DemoBlaze Website launched...
[INFO ] 2026-04-29 09:17:29.234 [main] BaseTest - Closing....
[DEBUG] 2026-04-29 10:09:26.712 [main] PackageRelationshipCollection - Parsing relationship: /xl/_rels/workbook.xml.rels
[DEBUG] 2026-04-29 10:09:26.717 [main] PackageRelationshipCollection - Parsing relationship: /_rels/.rels
[INFO ] 2026-04-29 10:09:30.550 [main] BaseTest - Login Started!!
[INFO ] 2026-04-29 10:09:31.671 [main] BaseTest - DemoBlaze Website launched...
[INFO ] 2026-04-29 10:09:32.138 [main] BaseTest - Closing....
[INFO ] 2026-04-29 10:09:33.309 [main] BaseTest - Login Started!!
[INFO ] 2026-04-29 10:09:34.400 [main] BaseTest - DemoBlaze Website launched...
[INFO ] 2026-04-29 10:09:34.769 [main] BaseTest - Closing....
[DEBUG] 2026-04-29 10:09:34.930 [main] PackageRelationshipCollection - Parsing relationship: /xl/_rels/workbook.xml.rels
[DEBUG] 2026-04-29 10:09:34.932 [main] PackageRelationshipCollection - Parsing relationship: /_rels/.rels
[INFO ] 2026-04-29 10:09:35.767 [main] BaseTest - Login Started!!
[INFO ] 2026-04-29 10:09:36.943 [main] BaseTest - DemoBlaze Website launched...
[INFO ] 2026-04-29 10:09:37.308 [main] BaseTest - Closing....
[DEBUG] 2026-04-29 10:48:41.437 [main] PackageRelationshipCollection - Parsing relationship: /xl/_rels/workbook.xml.rels
[DEBUG] 2026-04-29 10:48:41.444 [main] PackageRelationshipCollection - Parsing relationship: /_rels/.rels
[INFO ] 2026-04-29 10:48:44.058 [main] BaseTest - Login Started!!
[INFO ] 2026-04-29 10:48:45.428 [main] BaseTest - DemoBlaze Website launched...
[INFO ] 2026-04-29 10:48:46.637 [main] BaseTest - Closing....
[INFO ] 2026-04-29 10:48:47.639 [main] BaseTest - Login Started!!
[INFO ] 2026-04-29 10:48:48.736 [main] BaseTest - DemoBlaze Website launched...
[INFO ] 2026-04-29 10:48:49.860 [main] BaseTest - Closing....
[DEBUG] 2026-04-29 10:48:50.048 [main] PackageRelationshipCollection - Parsing relationship: /xl/_rels/workbook.xml.rels
[DEBUG] 2026-04-29 10:48:50.049 [main] PackageRelationshipCollection - Parsing relationship: /_rels/.rels
[INFO ] 2026-04-29 10:48:50.841 [main] BaseTest - Login Started!!
[INFO ] 2026-04-29 10:48:51.737 [main] BaseTest - DemoBlaze Website launched...
[INFO ] 2026-04-29 10:48:54.204 [main] BaseTest - Login Successful!!
[INFO ] 2026-04-29 10:48:54.206 [main] BaseTest - Closing....
[DEBUG] 2026-04-29 10:52:22.443 [main] PackageRelationshipCollection - Parsing relationship: /xl/_rels/workbook.xml.rels
[DEBUG] 2026-04-29 10:52:22.447 [main] PackageRelationshipCollection - Parsing relationship: /_rels/.rels
[INFO ] 2026-04-29 10:52:24.177 [main] BaseTest - Login Started!!
[INFO ] 2026-04-29 10:52:25.425 [main] BaseTest - DemoBlaze Website launched...
[INFO ] 2026-04-29 10:52:26.558 [main] BaseTest - Closing....
[INFO ] 2026-04-29 10:52:27.608 [main] BaseTest - Login Started!!
[INFO ] 2026-04-29 10:52:28.478 [main] BaseTest - DemoBlaze Website launched...
[INFO ] 2026-04-29 10:52:29.539 [main] BaseTest - Closing....
[DEBUG] 2026-04-29 10:52:29.730 [main] PackageRelationshipCollection - Parsing relationship: /xl/_rels/workbook.xml.rels
[DEBUG] 2026-04-29 10:52:29.732 [main] PackageRelationshipCollection - Parsing relationship: /_rels/.rels
[INFO ] 2026-04-29 10:52:30.574 [main] BaseTest - Login Started!!
[INFO ] 2026-04-29 10:52:31.987 [main] BaseTest - DemoBlaze Website launched...
[INFO ] 2026-04-29 10:52:34.554 [main] BaseTest - Login Successful!!
[INFO ] 2026-04-29 10:52:34.556 [main] BaseTest - Closing....
[DEBUG] 2026-04-29 10:53:56.862 [main] PackageRelationshipCollection - Parsing relationship: /xl/_rels/workbook.xml.rels
[DEBUG] 2026-04-29 10:53:56.870 [main] PackageRelationshipCollection - Parsing relationship: /_rels/.rels
[INFO ] 2026-04-29 10:53:58.688 [main] BaseTest - Login Started!!
[INFO ] 2026-04-29 10:53:59.942 [main] BaseTest - DemoBlaze Website launched...
[INFO ] 2026-04-29 10:54:01.939 [main] BaseTest - Login UnSuccessful!!
[INFO ] 2026-04-29 10:54:01.947 [main] BaseTest - Closing....
[INFO ] 2026-04-29 10:54:03.006 [main] BaseTest - Login Started!!
[INFO ] 2026-04-29 10:54:04.230 [main] BaseTest - DemoBlaze Website launched...
[INFO ] 2026-04-29 10:54:16.625 [main] BaseTest - Closing....
[DEBUG] 2026-04-29 10:54:16.815 [main] PackageRelationshipCollection - Parsing relationship: /xl/_rels/workbook.xml.rels
[DEBUG] 2026-04-29 10:54:16.816 [main] PackageRelationshipCollection - Parsing relationship: /_rels/.rels
[INFO ] 2026-04-29 10:54:17.669 [main] BaseTest - Login Started!!
[INFO ] 2026-04-29 10:54:18.622 [main] BaseTest - DemoBlaze Website launched...
[INFO ] 2026-04-29 10:54:21.125 [main] BaseTest - Login Successful!!
[INFO ] 2026-04-29 10:54:21.128 [main] BaseTest - Closing....
[DEBUG] 2026-04-29 10:54:49.685 [main] PackageRelationshipCollection - Parsing relationship: /xl/_rels/workbook.xml.rels
[DEBUG] 2026-04-29 10:54:49.693 [main] PackageRelationshipCollection - Parsing relationship: /_rels/.rels
[INFO ] 2026-04-29 10:54:51.459 [main] BaseTest - Login Started!!
[INFO ] 2026-04-29 10:54:52.348 [main] BaseTest - DemoBlaze Website launched...
[INFO ] 2026-04-29 10:54:54.362 [main] BaseTest - Login UnSuccessful!!
[INFO ] 2026-04-29 10:54:54.365 [main] BaseTest - Closing....
[INFO ] 2026-04-29 10:54:55.333 [main] BaseTest - Login Started!!
[INFO ] 2026-04-29 10:54:56.730 [main] BaseTest - DemoBlaze Website launched...
[INFO ] 2026-04-29 10:55:14.297 [main] BaseTest - Closing....
[DEBUG] 2026-04-29 10:55:14.502 [main] PackageRelationshipCollection - Parsing relationship: /xl/_rels/workbook.xml.rels
[DEBUG] 2026-04-29 10:55:14.504 [main] PackageRelationshipCollection - Parsing relationship: /_rels/.rels
[INFO ] 2026-04-29 10:55:15.298 [main] BaseTest - Login Started!!
[INFO ] 2026-04-29 10:55:16.407 [main] BaseTest - DemoBlaze Website launched...
[INFO ] 2026-04-29 10:55:24.317 [main] BaseTest - Login Successful!!
[INFO ] 2026-04-29 10:55:24.319 [main] BaseTest - Closing....
[DEBUG] 2026-04-29 10:57:51.349 [main] PackageRelationshipCollection - Parsing relationship: /xl/_rels/workbook.xml.rels
[DEBUG] 2026-04-29 10:57:51.356 [main] PackageRelationshipCollection - Parsing relationship: /_rels/.rels
[INFO ] 2026-04-29 10:57:53.076 [main] BaseTest - Login Started!!
[INFO ] 2026-04-29 10:57:54.290 [main] BaseTest - DemoBlaze Website launched...
[INFO ] 2026-04-29 10:58:10.965 [main] BaseTest - Closing....
[INFO ] 2026-04-29 10:58:12.054 [main] BaseTest - Login Started!!
[INFO ] 2026-04-29 10:58:13.161 [main] BaseTest - DemoBlaze Website launched...
[INFO ] 2026-04-29 10:58:29.607 [main] BaseTest - Closing....
[DEBUG] 2026-04-29 10:58:29.875 [main] PackageRelationshipCollection - Parsing relationship: /xl/_rels/workbook.xml.rels
[DEBUG] 2026-04-29 10:58:29.880 [main] PackageRelationshipCollection - Parsing relationship: /_rels/.rels
[INFO ] 2026-04-29 10:58:30.698 [main] BaseTest - Login Started!!
[INFO ] 2026-04-29 10:58:32.124 [main] BaseTest - DemoBlaze Website launched...
[INFO ] 2026-04-29 10:58:43.247 [main] BaseTest - Closing....
[DEBUG] 2026-04-29 11:04:24.124 [main] PackageRelationshipCollection - Parsing relationship: /xl/_rels/workbook.xml.rels
[DEBUG] 2026-04-29 11:04:24.133 [main] PackageRelationshipCollection - Parsing relationship: /_rels/.rels
[INFO ] 2026-04-29 11:04:26.080 [main] BaseTest - Login Started!!
[INFO ] 2026-04-29 11:04:27.018 [main] BaseTest - DemoBlaze Website launched...
[INFO ] 2026-04-29 11:04:29.035 [main] BaseTest - Login UnSuccessful!!
[INFO ] 2026-04-29 11:04:29.038 [main] BaseTest - Closing....
[INFO ] 2026-04-29 11:04:30.024 [main] BaseTest - Login Started!!
[INFO ] 2026-04-29 11:04:31.827 [main] BaseTest - DemoBlaze Website launched...
[INFO ] 2026-04-29 11:04:49.333 [main] BaseTest - Closing....
[DEBUG] 2026-04-29 11:04:49.541 [main] PackageRelationshipCollection - Parsing relationship: /xl/_rels/workbook.xml.rels
[DEBUG] 2026-04-29 11:04:49.542 [main] PackageRelationshipCollection - Parsing relationship: /_rels/.rels
[INFO ] 2026-04-29 11:04:50.379 [main] BaseTest - Login Started!!
[INFO ] 2026-04-29 11:04:52.198 [main] BaseTest - DemoBlaze Website launched...
[INFO ] 2026-04-29 11:04:54.683 [main] BaseTest - Login Successful!!
[INFO ] 2026-04-29 11:04:54.686 [main] BaseTest - Closing....
[DEBUG] 2026-04-29 12:36:17.601 [main] PackageRelationshipCollection - Parsing relationship: /xl/_rels/workbook.xml.rels
[DEBUG] 2026-04-29 12:36:17.607 [main] PackageRelationshipCollection - Parsing relationship: /_rels/.rels
[INFO ] 2026-04-29 12:36:20.495 [main] BaseTest - Login Started!!
[INFO ] 2026-04-29 12:36:21.495 [main] BaseTest - DemoBlaze Website launched...
[INFO ] 2026-04-29 12:36:23.480 [main] BaseTest - Login UnSuccessful!!
[INFO ] 2026-04-29 12:36:23.486 [main] BaseTest - Closing....
[INFO ] 2026-04-29 12:36:24.463 [main] BaseTest - Login Started!!
[INFO ] 2026-04-29 12:36:25.659 [main] BaseTest - DemoBlaze Website launched...
[INFO ] 2026-04-29 12:36:43.240 [main] BaseTest - Closing....
[DEBUG] 2026-04-29 12:36:43.449 [main] PackageRelationshipCollection - Parsing relationship: /xl/_rels/workbook.xml.rels
[DEBUG] 2026-04-29 12:36:43.452 [main] PackageRelationshipCollection - Parsing relationship: /_rels/.rels
[INFO ] 2026-04-29 12:36:44.242 [main] BaseTest - Login Started!!
[INFO ] 2026-04-29 12:36:45.134 [main] BaseTest - DemoBlaze Website launched...
[INFO ] 2026-04-29 12:36:50.978 [main] BaseTest - Login Successful!!
[INFO ] 2026-04-29 12:36:50.980 [main] BaseTest - Closing....
[DEBUG] 2026-04-29 12:37:11.784 [main] PackageRelationshipCollection - Parsing relationship: /xl/_rels/workbook.xml.rels
[DEBUG] 2026-04-29 12:37:11.796 [main] PackageRelationshipCollection - Parsing relationship: /_rels/.rels
[INFO ] 2026-04-29 12:37:15.473 [main] BaseTest - Login Started!!
[INFO ] 2026-04-29 12:37:16.936 [main] BaseTest - DemoBlaze Website launched...
[INFO ] 2026-04-29 12:37:21.757 [main] BaseTest - Login UnSuccessful!!
[INFO ] 2026-04-29 12:37:21.770 [main] BaseTest - Closing....
[INFO ] 2026-04-29 12:37:23.731 [main] BaseTest - Login Started!!
[INFO ] 2026-04-29 12:37:24.812 [main] BaseTest - DemoBlaze Website launched...
[INFO ] 2026-04-29 12:37:45.655 [main] BaseTest - Closing....
[DEBUG] 2026-04-29 12:37:45.980 [main] PackageRelationshipCollection - Parsing relationship: /xl/_rels/workbook.xml.rels
[DEBUG] 2026-04-29 12:37:45.984 [main] PackageRelationshipCollection - Parsing relationship: /_rels/.rels
[INFO ] 2026-04-29 12:37:47.265 [main] BaseTest - Login Started!!
[INFO ] 2026-04-29 12:37:49.101 [main] BaseTest - DemoBlaze Website launched...
[INFO ] 2026-04-29 12:37:54.319 [main] BaseTest - Login Successful!!
[INFO ] 2026-04-29 12:37:54.323 [main] BaseTest - Closing....
[DEBUG] 2026-04-29 12:40:33.961 [main] PackageRelationshipCollection - Parsing relationship: /xl/_rels/workbook.xml.rels
[DEBUG] 2026-04-29 12:40:33.974 [main] PackageRelationshipCollection - Parsing relationship: /_rels/.rels
[INFO ] 2026-04-29 12:40:36.816 [main] BaseTest - Login Started!!
[INFO ] 2026-04-29 12:40:37.958 [main] BaseTest - DemoBlaze Website launched...
[INFO ] 2026-04-29 12:40:40.123 [main] BaseTest - Login UnSuccessful!!
[INFO ] 2026-04-29 12:40:40.142 [main] BaseTest - Closing....
[INFO ] 2026-04-29 12:40:41.748 [main] BaseTest - Login Started!!
[INFO ] 2026-04-29 12:40:43.123 [main] BaseTest - DemoBlaze Website launched...
[INFO ] 2026-04-29 12:40:55.842 [main] BaseTest - Login UnSuccessful!!
[INFO ] 2026-04-29 12:40:55.849 [main] BaseTest - Closing....
[DEBUG] 2026-04-29 12:40:56.240 [main] PackageRelationshipCollection - Parsing relationship: /xl/_rels/workbook.xml.rels
[DEBUG] 2026-04-29 12:40:56.242 [main] PackageRelationshipCollection - Parsing relationship: /_rels/.rels
[INFO ] 2026-04-29 12:40:57.927 [main] BaseTest - Login Started!!
[INFO ] 2026-04-29 12:40:59.170 [main] BaseTest - DemoBlaze Website launched...
[INFO ] 2026-04-29 12:41:02.986 [main] BaseTest - Login Successful!!
[INFO ] 2026-04-29 12:41:02.998 [main] BaseTest - Closing....
[DEBUG] 2026-04-29 14:17:49.902 [TestNG-test-Test-1] PackageRelationshipCollection - Parsing relationship: /xl/_rels/workbook.xml.rels
[DEBUG] 2026-04-29 14:17:49.902 [TestNG-test-Test-2] PackageRelationshipCollection - Parsing relationship: /xl/_rels/workbook.xml.rels
[DEBUG] 2026-04-29 14:17:49.925 [TestNG-test-Test-2] PackageRelationshipCollection - Parsing relationship: /_rels/.rels
[DEBUG] 2026-04-29 14:17:49.925 [TestNG-test-Test-1] PackageRelationshipCollection - Parsing relationship: /_rels/.rels
[INFO ] 2026-04-29 14:17:59.995 [TestNG-PoolService-1] BaseTest - Login Started!!
[INFO ] 2026-04-29 14:18:00.059 [TestNG-test-Test-1] BaseTest - Login Started!!
[INFO ] 2026-04-29 14:18:02.371 [TestNG-PoolService-1] BaseTest - DemoBlaze Website launched...
[INFO ] 2026-04-29 14:18:02.475 [TestNG-test-Test-1] BaseTest - DemoBlaze Website launched...
[INFO ] 2026-04-29 14:18:05.387 [TestNG-test-Test-1] BaseTest - Login UnSuccessful!!
[INFO ] 2026-04-29 14:18:05.400 [TestNG-test-Test-1] BaseTest - Closing....
[INFO ] 2026-04-29 14:18:06.639 [TestNG-PoolService-1] BaseTest - Closing....
[INFO ] 2026-04-29 14:18:07.080 [TestNG-test-Test-1] BaseTest - Login Started!!
[INFO ] 2026-04-29 14:18:10.318 [TestNG-test-Test-1] BaseTest - DemoBlaze Website launched...
[INFO ] 2026-04-29 14:18:28.513 [TestNG-test-Test-1] BaseTest - Closing....
[DEBUG] 2026-04-29 14:18:52.292 [TestNG-test-Test-2] PackageRelationshipCollection - Parsing relationship: /xl/_rels/workbook.xml.rels
[DEBUG] 2026-04-29 14:18:52.292 [TestNG-test-Test-1] PackageRelationshipCollection - Parsing relationship: /xl/_rels/workbook.xml.rels
[DEBUG] 2026-04-29 14:18:52.320 [TestNG-test-Test-1] PackageRelationshipCollection - Parsing relationship: /_rels/.rels
[DEBUG] 2026-04-29 14:18:52.320 [TestNG-test-Test-2] PackageRelationshipCollection - Parsing relationship: /_rels/.rels
[INFO ] 2026-04-29 14:18:57.393 [TestNG-PoolService-1] BaseTest - Login Started!!
[INFO ] 2026-04-29 14:18:57.438 [TestNG-test-Test-1] BaseTest - Login Started!!
[INFO ] 2026-04-29 14:19:00.157 [TestNG-PoolService-1] BaseTest - DemoBlaze Website launched...
[INFO ] 2026-04-29 14:19:02.007 [TestNG-test-Test-1] BaseTest - DemoBlaze Website launched...
[INFO ] 2026-04-29 14:19:03.883 [TestNG-PoolService-1] BaseTest - Login Successful!!
[INFO ] 2026-04-29 14:19:03.890 [TestNG-PoolService-1] BaseTest - Closing....
[INFO ] 2026-04-29 14:19:06.243 [TestNG-test-Test-1] BaseTest - Login UnSuccessful!!
[INFO ] 2026-04-29 14:19:06.252 [TestNG-test-Test-1] BaseTest - Closing....
[INFO ] 2026-04-29 14:19:08.178 [TestNG-test-Test-1] BaseTest - Login Started!!
[INFO ] 2026-04-29 14:19:10.592 [TestNG-test-Test-1] BaseTest - DemoBlaze Website launched...
[INFO ] 2026-04-29 14:19:18.462 [TestNG-test-Test-1] BaseTest - Login UnSuccessful!!
[INFO ] 2026-04-29 14:19:18.470 [TestNG-test-Test-1] BaseTest - Closing....
[DEBUG] 2026-04-29 15:55:36.093 [TestNG-test-Test-2] PackageRelationshipCollection - Parsing relationship: /xl/_rels/workbook.xml.rels
[DEBUG] 2026-04-29 15:55:36.093 [TestNG-test-Test-1] PackageRelationshipCollection - Parsing relationship: /xl/_rels/workbook.xml.rels
[DEBUG] 2026-04-29 15:55:36.105 [TestNG-test-Test-1] PackageRelationshipCollection - Parsing relationship: /_rels/.rels
[DEBUG] 2026-04-29 15:55:36.105 [TestNG-test-Test-2] PackageRelationshipCollection - Parsing relationship: /_rels/.rels
[INFO ] 2026-04-29 15:55:40.888 [TestNG-test-Test-1] BaseTest - Login Started!!
[INFO ] 2026-04-29 15:55:40.888 [TestNG-PoolService-1] BaseTest - Login Started!!
[INFO ] 2026-04-29 15:55:41.357 [TestNG-test-Test-1] BaseTest - DemoBlaze Website launched...
[INFO ] 2026-04-29 15:55:42.285 [TestNG-PoolService-1] BaseTest - DemoBlaze Website launched...
[INFO ] 2026-04-29 15:55:45.886 [TestNG-PoolService-1] BaseTest - Login Successful!!
[INFO ] 2026-04-29 15:55:45.898 [TestNG-PoolService-1] BaseTest - Closing....
[INFO ] 2026-04-29 15:55:46.237 [TestNG-test-Test-1] BaseTest - Closing....
[INFO ] 2026-04-29 15:55:48.528 [TestNG-test-Test-1] BaseTest - Login Started!!
[INFO ] 2026-04-29 15:55:49.901 [TestNG-test-Test-1] BaseTest - DemoBlaze Website launched...
[INFO ] 2026-04-29 15:56:07.485 [TestNG-test-Test-1] BaseTest - Closing....
[DEBUG] 2026-04-29 15:58:05.103 [TestNG-test-Test-2] PackageRelationshipCollection - Parsing relationship: /xl/_rels/workbook.xml.rels
[DEBUG] 2026-04-29 15:58:05.103 [TestNG-test-Test-1] PackageRelationshipCollection - Parsing relationship: /xl/_rels/workbook.xml.rels
[DEBUG] 2026-04-29 15:58:05.120 [TestNG-test-Test-1] PackageRelationshipCollection - Parsing relationship: /_rels/.rels
[DEBUG] 2026-04-29 15:58:05.120 [TestNG-test-Test-2] PackageRelationshipCollection - Parsing relationship: /_rels/.rels
[INFO ] 2026-04-29 15:58:10.439 [TestNG-test-Test-1] BaseTest - Login Started!!
[INFO ] 2026-04-29 15:58:10.443 [TestNG-PoolService-1] BaseTest - Login Started!!
[INFO ] 2026-04-29 15:58:11.960 [TestNG-test-Test-1] BaseTest - DemoBlaze Website launched...
[INFO ] 2026-04-29 15:58:12.010 [TestNG-PoolService-1] BaseTest - DemoBlaze Website launched...
[INFO ] 2026-04-29 15:58:13.499 [TestNG-test-Test-1] BaseTest - Closing....
[INFO ] 2026-04-29 15:58:13.865 [TestNG-PoolService-1] BaseTest - Closing....
[INFO ] 2026-04-29 15:58:15.891 [TestNG-test-Test-1] BaseTest - Login Started!!
[INFO ] 2026-04-29 15:58:17.246 [TestNG-test-Test-1] BaseTest - DemoBlaze Website launched...
[INFO ] 2026-04-29 15:58:23.150 [TestNG-test-Test-1] BaseTest - Login UnSuccessful!!
[INFO ] 2026-04-29 15:58:23.155 [TestNG-test-Test-1] BaseTest - Closing....
[DEBUG] 2026-04-29 16:01:06.100 [TestNG-test-Test-2] PackageRelationshipCollection - Parsing relationship: /xl/_rels/workbook.xml.rels
[DEBUG] 2026-04-29 16:01:06.100 [TestNG-test-Test-1] PackageRelationshipCollection - Parsing relationship: /xl/_rels/workbook.xml.rels
[DEBUG] 2026-04-29 16:01:06.124 [TestNG-test-Test-1] PackageRelationshipCollection - Parsing relationship: /_rels/.rels
[DEBUG] 2026-04-29 16:01:06.125 [TestNG-test-Test-2] PackageRelationshipCollection - Parsing relationship: /_rels/.rels
[INFO ] 2026-04-29 16:01:10.597 [TestNG-test-Test-1] BaseTest - Login Started!!
[INFO ] 2026-04-29 16:01:10.618 [TestNG-PoolService-1] BaseTest - Login Started!!
[INFO ] 2026-04-29 16:01:12.188 [TestNG-test-Test-1] BaseTest - DemoBlaze Website launched...
[INFO ] 2026-04-29 16:01:12.309 [TestNG-PoolService-1] BaseTest - DemoBlaze Website launched...
[INFO ] 2026-04-29 16:01:13.283 [TestNG-PoolService-1] BaseTest - Closing....
[INFO ] 2026-04-29 16:01:13.730 [TestNG-test-Test-1] BaseTest - Closing....
[INFO ] 2026-04-29 16:01:15.494 [TestNG-test-Test-1] BaseTest - Login Started!!
[INFO ] 2026-04-29 16:01:17.184 [TestNG-test-Test-1] BaseTest - DemoBlaze Website launched...
[INFO ] 2026-04-29 16:01:18.886 [TestNG-test-Test-1] BaseTest - Closing....
[DEBUG] 2026-04-29 16:02:55.573 [TestNG-test-Test-1] PackageRelationshipCollection - Parsing relationship: /xl/_rels/workbook.xml.rels
[DEBUG] 2026-04-29 16:02:55.573 [TestNG-test-Test-2] PackageRelationshipCollection - Parsing relationship: /xl/_rels/workbook.xml.rels
[DEBUG] 2026-04-29 16:02:55.583 [TestNG-test-Test-1] PackageRelationshipCollection - Parsing relationship: /_rels/.rels
[DEBUG] 2026-04-29 16:02:55.583 [TestNG-test-Test-2] PackageRelationshipCollection - Parsing relationship: /_rels/.rels
[INFO ] 2026-04-29 16:03:00.274 [TestNG-PoolService-1] BaseTest - Login Started!!
[INFO ] 2026-04-29 16:03:00.321 [TestNG-test-Test-1] BaseTest - Login Started!!
[INFO ] 2026-04-29 16:03:01.863 [TestNG-test-Test-1] BaseTest - DemoBlaze Website launched...
[INFO ] 2026-04-29 16:03:02.057 [TestNG-PoolService-1] BaseTest - DemoBlaze Website launched...
[INFO ] 2026-04-29 16:03:03.456 [TestNG-PoolService-1] BaseTest - Closing....
[INFO ] 2026-04-29 16:03:03.459 [TestNG-test-Test-1] BaseTest - Closing....
[INFO ] 2026-04-29 16:03:05.337 [TestNG-test-Test-1] BaseTest - Login Started!!
[INFO ] 2026-04-29 16:03:06.765 [TestNG-test-Test-1] BaseTest - DemoBlaze Website launched...
[INFO ] 2026-04-29 16:03:08.211 [TestNG-test-Test-1] BaseTest - Closing....
[DEBUG] 2026-04-29 16:04:06.814 [main] PackageRelationshipCollection - Parsing relationship: /xl/_rels/workbook.xml.rels
[DEBUG] 2026-04-29 16:04:06.825 [main] PackageRelationshipCollection - Parsing relationship: /_rels/.rels
[INFO ] 2026-04-29 16:04:10.241 [main] BaseTest - Login Started!!
[INFO ] 2026-04-29 16:04:11.607 [main] BaseTest - DemoBlaze Website launched...
[INFO ] 2026-04-29 16:04:13.434 [main] BaseTest - Closing....
[INFO ] 2026-04-29 16:04:15.456 [main] BaseTest - Login Started!!
[INFO ] 2026-04-29 16:04:16.663 [main] BaseTest - DemoBlaze Website launched...
[INFO ] 2026-04-29 16:04:18.255 [main] BaseTest - Closing....
[DEBUG] 2026-04-29 16:04:18.644 [main] PackageRelationshipCollection - Parsing relationship: /xl/_rels/workbook.xml.rels
[DEBUG] 2026-04-29 16:04:18.652 [main] PackageRelationshipCollection - Parsing relationship: /_rels/.rels
[INFO ] 2026-04-29 16:04:20.292 [TestNG-PoolService-1] BaseTest - Login Started!!
[INFO ] 2026-04-29 16:04:21.667 [TestNG-PoolService-1] BaseTest - DemoBlaze Website launched...
[INFO ] 2026-04-29 16:04:23.403 [TestNG-PoolService-1] BaseTest - Closing....
[DEBUG] 2026-04-29 16:07:57.359 [main] PackageRelationshipCollection - Parsing relationship: /xl/_rels/workbook.xml.rels
[DEBUG] 2026-04-29 16:07:57.370 [main] PackageRelationshipCollection - Parsing relationship: /_rels/.rels
[INFO ] 2026-04-29 16:08:01.820 [main] BaseTest - Login Started!!
[INFO ] 2026-04-29 16:08:03.120 [main] BaseTest - DemoBlaze Website launched...
[INFO ] 2026-04-29 16:08:05.706 [main] BaseTest - Login UnSuccessful!!
[INFO ] 2026-04-29 16:08:05.720 [main] BaseTest - Closing....
[INFO ] 2026-04-29 16:08:07.873 [main] BaseTest - Login Started!!
[INFO ] 2026-04-29 16:08:09.269 [main] BaseTest - DemoBlaze Website launched...
[INFO ] 2026-04-29 16:08:19.042 [main] BaseTest - Login UnSuccessful!!
[INFO ] 2026-04-29 16:08:19.055 [main] BaseTest - Closing....
[DEBUG] 2026-04-29 16:08:19.529 [main] PackageRelationshipCollection - Parsing relationship: /xl/_rels/workbook.xml.rels
[DEBUG] 2026-04-29 16:08:19.538 [main] PackageRelationshipCollection - Parsing relationship: /_rels/.rels
[INFO ] 2026-04-29 16:08:21.235 [TestNG-PoolService-1] BaseTest - Login Started!!
[INFO ] 2026-04-29 16:08:22.412 [TestNG-PoolService-1] BaseTest - DemoBlaze Website launched...
[INFO ] 2026-04-29 16:08:25.939 [TestNG-PoolService-1] BaseTest - Login Successful!!
[INFO ] 2026-04-29 16:08:25.947 [TestNG-PoolService-1] BaseTest - Closing....
[DEBUG] 2026-04-29 16:09:47.130 [main] PackageRelationshipCollection - Parsing relationship: /xl/_rels/workbook.xml.rels
[DEBUG] 2026-04-29 16:09:47.142 [main] PackageRelationshipCollection - Parsing relationship: /_rels/.rels
[INFO ] 2026-04-29 16:09:50.902 [main] BaseTest - Login Started!!
[INFO ] 2026-04-29 16:09:52.387 [main] BaseTest - DemoBlaze Website launched...
[INFO ] 2026-04-29 16:09:55.618 [main] BaseTest - Closing....
[INFO ] 2026-04-29 16:09:57.373 [main] BaseTest - Login Started!!
[INFO ] 2026-04-29 16:09:59.144 [main] BaseTest - DemoBlaze Website launched...
[INFO ] 2026-04-29 16:10:01.561 [main] BaseTest - Closing....
[DEBUG] 2026-04-29 16:10:01.986 [main] PackageRelationshipCollection - Parsing relationship: /xl/_rels/workbook.xml.rels
[DEBUG] 2026-04-29 16:10:01.992 [main] PackageRelationshipCollection - Parsing relationship: /_rels/.rels
[INFO ] 2026-04-29 16:10:03.746 [TestNG-PoolService-1] BaseTest - Login Started!!
[INFO ] 2026-04-29 16:10:05.237 [TestNG-PoolService-1] BaseTest - DemoBlaze Website launched...
[INFO ] 2026-04-29 16:10:08.279 [TestNG-PoolService-1] BaseTest - Closing....
[DEBUG] 2026-04-29 16:13:12.903 [TestNG-test-Test-1] PackageRelationshipCollection - Parsing relationship: /xl/_rels/workbook.xml.rels
[DEBUG] 2026-04-29 16:13:12.903 [TestNG-test-Test-2] PackageRelationshipCollection - Parsing relationship: /xl/_rels/workbook.xml.rels
[DEBUG] 2026-04-29 16:13:12.919 [TestNG-test-Test-1] PackageRelationshipCollection - Parsing relationship: /_rels/.rels
[DEBUG] 2026-04-29 16:13:12.919 [TestNG-test-Test-2] PackageRelationshipCollection - Parsing relationship: /_rels/.rels
[INFO ] 2026-04-29 16:13:17.600 [TestNG-PoolService-1] BaseTest - Login Started!!
[INFO ] 2026-04-29 16:13:17.651 [TestNG-test-Test-1] BaseTest - Login Started!!
[INFO ] 2026-04-29 16:13:21.415 [TestNG-PoolService-1] BaseTest - DemoBlaze Website launched...
[INFO ] 2026-04-29 16:13:21.502 [TestNG-test-Test-1] BaseTest - DemoBlaze Website launched...
[INFO ] 2026-04-29 16:13:34.079 [TestNG-PoolService-1] BaseTest - Closing....
[INFO ] 2026-04-29 16:13:38.571 [TestNG-test-Test-1] BaseTest - Closing....
[INFO ] 2026-04-29 16:13:41.148 [TestNG-test-Test-1] BaseTest - Login Started!!
[INFO ] 2026-04-29 16:13:42.715 [TestNG-test-Test-1] BaseTest - DemoBlaze Website launched...
[INFO ] 2026-04-29 16:13:48.300 [TestNG-test-Test-1] BaseTest - Login UnSuccessful!!
[INFO ] 2026-04-29 16:13:48.312 [TestNG-test-Test-1] BaseTest - Closing....
[DEBUG] 2026-04-29 16:17:38.294 [TestNG-test-Test-2] PackageRelationshipCollection - Parsing relationship: /xl/_rels/workbook.xml.rels
[DEBUG] 2026-04-29 16:17:38.294 [TestNG-test-Test-1] PackageRelationshipCollection - Parsing relationship: /xl/_rels/workbook.xml.rels
[DEBUG] 2026-04-29 16:17:38.310 [TestNG-test-Test-2] PackageRelationshipCollection - Parsing relationship: /_rels/.rels
[DEBUG] 2026-04-29 16:17:38.310 [TestNG-test-Test-1] PackageRelationshipCollection - Parsing relationship: /_rels/.rels
[INFO ] 2026-04-29 16:17:43.924 [TestNG-test-Test-1] BaseTest - Login Started!!
[INFO ] 2026-04-29 16:17:43.950 [TestNG-PoolService-1] BaseTest - Login Started!!
[INFO ] 2026-04-29 16:17:45.340 [TestNG-PoolService-1] BaseTest - DemoBlaze Website launched...
[INFO ] 2026-04-29 16:17:45.544 [TestNG-test-Test-1] BaseTest - DemoBlaze Website launched...
[INFO ] 2026-04-29 16:17:47.933 [TestNG-PoolService-1] BaseTest - Closing....
[INFO ] 2026-04-29 16:17:48.185 [TestNG-test-Test-1] BaseTest - Closing....
[INFO ] 2026-04-29 16:17:50.150 [TestNG-test-Test-1] BaseTest - Login Started!!
[INFO ] 2026-04-29 16:17:52.490 [TestNG-test-Test-1] BaseTest - DemoBlaze Website launched...
[INFO ] 2026-04-29 16:18:00.097 [TestNG-test-Test-1] BaseTest - Login UnSuccessful!!
[INFO ] 2026-04-29 16:18:00.116 [TestNG-test-Test-1] BaseTest - Closing....
[DEBUG] 2026-04-29 19:15:38.937 [main] PackageRelationshipCollection - Parsing relationship: /xl/_rels/workbook.xml.rels
[DEBUG] 2026-04-29 19:15:38.962 [main] PackageRelationshipCollection - Parsing relationship: /_rels/.rels
[INFO ] 2026-04-29 19:15:46.556 [main] BaseTest - Login Started!!
[INFO ] 2026-04-29 19:15:48.481 [main] BaseTest - DemoBlaze Website launched...
[INFO ] 2026-04-29 19:15:51.697 [main] BaseTest - Login UnSuccessful!!
[INFO ] 2026-04-29 19:15:51.720 [main] BaseTest - Closing....
[INFO ] 2026-04-29 19:15:53.500 [main] BaseTest - Login Started!!
[INFO ] 2026-04-29 19:15:54.968 [main] BaseTest - DemoBlaze Website launched...
[INFO ] 2026-04-29 19:16:01.385 [main] BaseTest - Login UnSuccessful!!
[INFO ] 2026-04-29 19:16:01.404 [main] BaseTest - Closing....
[DEBUG] 2026-04-29 19:16:01.878 [main] PackageRelationshipCollection - Parsing relationship: /xl/_rels/workbook.xml.rels
[DEBUG] 2026-04-29 19:16:01.884 [main] PackageRelationshipCollection - Parsing relationship: /_rels/.rels
[INFO ] 2026-04-29 19:16:03.444 [TestNG-PoolService-1] BaseTest - Login Started!!
[INFO ] 2026-04-29 19:16:05.175 [TestNG-PoolService-1] BaseTest - DemoBlaze Website launched...
[INFO ] 2026-04-29 19:16:07.889 [TestNG-PoolService-1] BaseTest - Closing....
[DEBUG] 2026-04-29 21:49:22.536 [TestNG-test-Test-2] PackageRelationshipCollection - Parsing relationship: /xl/_rels/workbook.xml.rels
[DEBUG] 2026-04-29 21:49:22.536 [TestNG-test-Test-1] PackageRelationshipCollection - Parsing relationship: /xl/_rels/workbook.xml.rels
[DEBUG] 2026-04-29 21:49:22.554 [TestNG-test-Test-1] PackageRelationshipCollection - Parsing relationship: /_rels/.rels
[DEBUG] 2026-04-29 21:49:22.554 [TestNG-test-Test-2] PackageRelationshipCollection - Parsing relationship: /_rels/.rels
[INFO ] 2026-04-29 21:49:32.358 [TestNG-PoolService-1] BaseTest - Login Started!!
[INFO ] 2026-04-29 21:49:32.408 [TestNG-test-Test-1] BaseTest - Login Started!!
[INFO ] 2026-04-29 21:49:36.044 [TestNG-PoolService-1] BaseTest - DemoBlaze Website launched...
[INFO ] 2026-04-29 21:49:37.647 [TestNG-test-Test-1] BaseTest - DemoBlaze Website launched...
[INFO ] 2026-04-29 21:49:40.809 [TestNG-PoolService-1] BaseTest - Closing....
[INFO ] 2026-04-29 21:49:42.624 [TestNG-test-Test-1] BaseTest - Login UnSuccessful!!
[INFO ] 2026-04-29 21:49:42.639 [TestNG-test-Test-1] BaseTest - Closing....
[INFO ] 2026-04-29 21:49:44.357 [TestNG-test-Test-1] BaseTest - Login Started!!
[INFO ] 2026-04-29 21:49:46.665 [TestNG-test-Test-1] BaseTest - DemoBlaze Website launched...
[INFO ] 2026-04-29 21:49:52.863 [TestNG-test-Test-1] BaseTest - Login UnSuccessful!!
[INFO ] 2026-04-29 21:49:52.872 [TestNG-test-Test-1] BaseTest - Closing....
[DEBUG] 2026-04-29 21:59:53.850 [TestNG-test-Test-2] PackageRelationshipCollection - Parsing relationship: /xl/_rels/workbook.xml.rels
[DEBUG] 2026-04-29 21:59:53.850 [TestNG-test-Test-1] PackageRelationshipCollection - Parsing relationship: /xl/_rels/workbook.xml.rels
[DEBUG] 2026-04-29 21:59:53.870 [TestNG-test-Test-1] PackageRelationshipCollection - Parsing relationship: /_rels/.rels
[DEBUG] 2026-04-29 21:59:53.870 [TestNG-test-Test-2] PackageRelationshipCollection - Parsing relationship: /_rels/.rels
[INFO ] 2026-04-29 21:59:58.094 [TestNG-PoolService-1] BaseTest - Login Started!!
[INFO ] 2026-04-29 21:59:58.133 [TestNG-test-Test-1] BaseTest - Login Started!!
[INFO ] 2026-04-29 22:00:01.841 [TestNG-PoolService-1] BaseTest - DemoBlaze Website launched...
[INFO ] 2026-04-29 22:00:01.902 [TestNG-test-Test-1] BaseTest - DemoBlaze Website launched...
[INFO ] 2026-04-29 22:00:03.696 [TestNG-test-Test-1] BaseTest - Closing....
[INFO ] 2026-04-29 22:00:04.059 [TestNG-PoolService-1] BaseTest - Closing....
[INFO ] 2026-04-29 22:00:05.496 [TestNG-test-Test-1] BaseTest - Login Started!!
[INFO ] 2026-04-29 22:00:07.095 [TestNG-test-Test-1] BaseTest - DemoBlaze Website launched...
[INFO ] 2026-04-29 22:00:12.000 [TestNG-test-Test-1] BaseTest - Login UnSuccessful!!
[INFO ] 2026-04-29 22:00:12.011 [TestNG-test-Test-1] BaseTest - Closing....
[DEBUG] 2026-04-29 22:03:23.900 [main] PackageRelationshipCollection - Parsing relationship: /xl/_rels/workbook.xml.rels
[DEBUG] 2026-04-29 22:03:23.915 [main] PackageRelationshipCollection - Parsing relationship: /_rels/.rels
[INFO ] 2026-04-29 22:03:27.470 [main] BaseTest - Login Started!!
[INFO ] 2026-04-29 22:03:29.741 [main] BaseTest - DemoBlaze Website launched...
[INFO ] 2026-04-29 22:03:32.858 [main] BaseTest - Login UnSuccessful!!
[INFO ] 2026-04-29 22:03:32.875 [main] BaseTest - Closing....
[INFO ] 2026-04-29 22:03:34.576 [main] BaseTest - Login Started!!
[INFO ] 2026-04-29 22:03:36.939 [main] BaseTest - DemoBlaze Website launched...
[INFO ] 2026-04-29 22:03:43.034 [main] BaseTest - Login UnSuccessful!!
[INFO ] 2026-04-29 22:03:43.039 [main] BaseTest - Closing....
[DEBUG] 2026-04-29 22:03:43.385 [main] PackageRelationshipCollection - Parsing relationship: /xl/_rels/workbook.xml.rels
[DEBUG] 2026-04-29 22:03:43.393 [main] PackageRelationshipCollection - Parsing relationship: /_rels/.rels
[INFO ] 2026-04-29 22:03:44.883 [TestNG-PoolService-1] BaseTest - Login Started!!
[INFO ] 2026-04-29 22:03:47.025 [TestNG-PoolService-1] BaseTest - DemoBlaze Website launched...
[INFO ] 2026-04-29 22:03:52.476 [TestNG-PoolService-1] BaseTest - Login Successful!!
[INFO ] 2026-04-29 22:03:52.483 [TestNG-PoolService-1] BaseTest - Closing....
